<?xml version="1.0" encoding="UTF-8"?>
<!-- Generated by org.testng.reporters.JUnitReportReporter -->
<testsuite hostname="Pravin-DESKTOP" failures="0" tests="1" name="com.Salesforce.scripts.VerifyLeadGeneration" time="72.523" errors="0" timestamp="07 Oct 2022 10:30:06 GMT" skipped="0">
  <testcase classname="com.Salesforce.scripts.VerifyLeadGeneration" name="verifyNewLead" time="72.523"/>
</testsuite> <!-- com.Salesforce.scripts.VerifyLeadGeneration -->
